<?xml version="1.0" encoding="UTF-8"?>
<testsuite name="MyArrayListTest" tests="6" skipped="0" failures="0" errors="0" timestamp="2020-10-29T11:39:57" hostname="DESKTOP-L2D1GA5" time="0.064">
  <properties/>
  <testcase name="test_filter_for_int()" classname="MyArrayListTest" time="0.023"/>
  <testcase name="filter_string()" classname="MyArrayListTest" time="0.01"/>
  <testcase name="test_transform_for_boolean()" classname="MyArrayListTest" time="0.008"/>
  <testcase name="test_transform_for_double()" classname="MyArrayListTest" time="0.003"/>
  <testcase name="test_filter_for_double()" classname="MyArrayListTest" time="0.002"/>
  <testcase name="test_transform_for_string()" classname="MyArrayListTest" time="0.002"/>
  <system-out><![CDATA[]]></system-out>
  <system-err><![CDATA[]]></system-err>
</testsuite>
